# JRE version: OpenJDK Runtime Environment Temurin-21.0.3+9 (21.0.3+9) (build 21.0.3+9-LTS)
# Java VM: OpenJDK 64-Bit Server VM Temurin-21.0.3+9 (21.0.3+9-LTS, mixed mode, tiered, compressed oops, compressed class ptrs, g1 gc, windows-amd64)
GC Precious Log:
 CardTable entry size: 512
 Card Set container configuration: InlinePtr #cards 4 size 8 Array Of Cards #cards 32 size 80 Howl #buckets 8 coarsen threshold 7372 Howl Bitmap #cards 1024 size 144 coarsen threshold 921 Card regions per heap region 1 cards per card region 8192
 CPUs: 16 total, 16 available
 Memory: 32620M
 Large Page Support: Disabled
 NUMA Support: Disabled
 Compressed Oops: Enabled (Zero based)
 Heap Region Size: 4M
 Heap Min Capacity: 8M
 Heap Initial Capacity: 512M
 Heap Max Capacity: 8156M
 Pre-touch: Disabled
 Parallel Workers: 13
 Concurrent Workers: 3
 Concurrent Refinement Workers: 13
 Periodic GC: Disabled
Heap:
 garbage-first heap   total 417792K, used 235982K [0x0000000602400000, 0x0000000800000000)
  region size 4096K, 10 young (40960K), 2 survivors (8192K)
 Metaspace       used 110717K, committed 112064K, reserved 1179648K
  class space    used 12225K, committed 12864K, reserved 1048576K
GC Heap History (20 events):
Event: 612.177 GC heap before
{Heap before GC invocations=35 (full 0):
 garbage-first heap   total 385024K, used 344602K [0x0000000602400000, 0x0000000800000000)
  region size 4096K, 35 young (143360K), 2 survivors (8192K)
 Metaspace       used 110393K, committed 111744K, reserved 1179648K
  class space    used 12218K, committed 12864K, reserved 1048576K
}
Event: 612.182 GC heap after
{Heap after GC invocations=36 (full 0):
 garbage-first heap   total 385024K, used 207960K [0x0000000602400000, 0x0000000800000000)
  region size 4096K, 2 young (8192K), 2 survivors (8192K)
 Metaspace       used 110393K, committed 111744K, reserved 1179648K
  class space    used 12218K, committed 12864K, reserved 1048576K
}
Event: 612.470 GC heap before
{Heap before GC invocations=36 (full 0):
 garbage-first heap   total 385024K, used 347224K [0x0000000602400000, 0x0000000800000000)
  region size 4096K, 36 young (147456K), 2 survivors (8192K)
 Metaspace       used 110458K, committed 111808K, reserved 1179648K
  class space    used 12220K, committed 12864K, reserved 1048576K
}
Event: 612.472 GC heap after
{Heap after GC invocations=37 (full 0):
 garbage-first heap   total 385024K, used 207898K [0x0000000602400000, 0x0000000800000000)
  region size 4096K, 2 young (8192K), 2 survivors (8192K)
 Metaspace       used 110458K, committed 111808K, reserved 1179648K
  class space    used 12220K, committed 12864K, reserved 1048576K
}
Event: 613.663 GC heap before
{Heap before GC invocations=38 (full 0):
 garbage-first heap   total 409600K, used 351258K [0x0000000602400000, 0x0000000800000000)
  region size 4096K, 37 young (151552K), 2 survivors (8192K)
 Metaspace       used 110469K, committed 111808K, reserved 1179648K
  class space    used 12220K, committed 12864K, reserved 1048576K
}
Event: 613.665 GC heap after
{Heap after GC invocations=39 (full 0):
 garbage-first heap   total 409600K, used 207836K [0x0000000602400000, 0x0000000800000000)
  region size 4096K, 2 young (8192K), 2 survivors (8192K)
 Metaspace       used 110469K, committed 111808K, reserved 1179648K
  class space    used 12220K, committed 12864K, reserved 1048576K
}
Event: 625.627 GC heap before
{Heap before GC invocations=39 (full 0):
 garbage-first heap   total 409600K, used 375772K [0x0000000602400000, 0x0000000800000000)
  region size 4096K, 43 young (176128K), 2 survivors (8192K)
 Metaspace       used 110505K, committed 111872K, reserved 1179648K
  class space    used 12220K, committed 12864K, reserved 1048576K
}
Event: 625.632 GC heap after
{Heap after GC invocations=40 (full 0):
 garbage-first heap   total 409600K, used 207309K [0x0000000602400000, 0x0000000800000000)
  region size 4096K, 2 young (8192K), 2 survivors (8192K)
 Metaspace       used 110505K, committed 111872K, reserved 1179648K
  class space    used 12220K, committed 12864K, reserved 1048576K
}
Event: 625.860 GC heap before
{Heap before GC invocations=40 (full 0):
 garbage-first heap   total 409600K, used 375245K [0x0000000602400000, 0x0000000800000000)
  region size 4096K, 43 young (176128K), 2 survivors (8192K)
 Metaspace       used 110516K, committed 111872K, reserved 1179648K
  class space    used 12220K, committed 12864K, reserved 1048576K
}
Event: 625.863 GC heap after
{Heap after GC invocations=41 (full 0):
 garbage-first heap   total 409600K, used 207420K [0x0000000602400000, 0x0000000800000000)
  region size 4096K, 2 young (8192K), 2 survivors (8192K)
 Metaspace       used 110516K, committed 111872K, reserved 1179648K
  class space    used 12220K, committed 12864K, reserved 1048576K
}
Event: 627.404 GC heap before
{Heap before GC invocations=42 (full 0):
 garbage-first heap   total 409600K, used 375356K [0x0000000602400000, 0x0000000800000000)
  region size 4096K, 43 young (176128K), 2 survivors (8192K)
 Metaspace       used 110527K, committed 111872K, reserved 1179648K
  class space    used 12220K, committed 12864K, reserved 1048576K
}
Event: 627.406 GC heap after
{Heap after GC invocations=43 (full 0):
 garbage-first heap   total 409600K, used 207362K [0x0000000602400000, 0x0000000800000000)
  region size 4096K, 2 young (8192K), 2 survivors (8192K)
 Metaspace       used 110527K, committed 111872K, reserved 1179648K
  class space    used 12220K, committed 12864K, reserved 1048576K
}
Event: 631.948 GC heap before
{Heap before GC invocations=43 (full 0):
 garbage-first heap   total 409600K, used 375298K [0x0000000602400000, 0x0000000800000000)
  region size 4096K, 43 young (176128K), 2 survivors (8192K)
 Metaspace       used 110563K, committed 111936K, reserved 1179648K
  class space    used 12220K, committed 12864K, reserved 1048576K
}
Event: 631.950 GC heap after
{Heap after GC invocations=44 (full 0):
 garbage-first heap   total 409600K, used 207305K [0x0000000602400000, 0x0000000800000000)
  region size 4096K, 2 young (8192K), 2 survivors (8192K)
 Metaspace       used 110563K, committed 111936K, reserved 1179648K
  class space    used 12220K, committed 12864K, reserved 1048576K
}
Event: 748.404 GC heap before
{Heap before GC invocations=45 (full 0):
 garbage-first heap   total 417792K, used 371145K [0x0000000602400000, 0x0000000800000000)
  region size 4096K, 42 young (172032K), 2 survivors (8192K)
 Metaspace       used 110629K, committed 112000K, reserved 1179648K
  class space    used 12225K, committed 12864K, reserved 1048576K
}
Event: 748.406 GC heap after
{Heap after GC invocations=46 (full 0):
 garbage-first heap   total 417792K, used 207303K [0x0000000602400000, 0x0000000800000000)
  region size 4096K, 2 young (8192K), 2 survivors (8192K)
 Metaspace       used 110629K, committed 112000K, reserved 1179648K
  class space    used 12225K, committed 12864K, reserved 1048576K
}
Event: 764.597 GC heap before
{Heap before GC invocations=46 (full 0):
 garbage-first heap   total 417792K, used 379335K [0x0000000602400000, 0x0000000800000000)
  region size 4096K, 44 young (180224K), 2 survivors (8192K)
 Metaspace       used 110645K, committed 112000K, reserved 1179648K
  class space    used 12225K, committed 12864K, reserved 1048576K
}
Event: 764.599 GC heap after
{Heap after GC invocations=47 (full 0):
 garbage-first heap   total 417792K, used 207367K [0x0000000602400000, 0x0000000800000000)
  region size 4096K, 2 young (8192K), 2 survivors (8192K)
 Metaspace       used 110645K, committed 112000K, reserved 1179648K
  class space    used 12225K, committed 12864K, reserved 1048576K
}
Event: 769.933 GC heap before
{Heap before GC invocations=48 (full 0):
 garbage-first heap   total 417792K, used 379399K [0x0000000602400000, 0x0000000800000000)
  region size 4096K, 44 young (180224K), 2 survivors (8192K)
 Metaspace       used 110648K, committed 112000K, reserved 1179648K
  class space    used 12225K, committed 12864K, reserved 1048576K
}
Event: 769.934 GC heap after
{Heap after GC invocations=49 (full 0):
 garbage-first heap   total 417792K, used 207310K [0x0000000602400000, 0x0000000800000000)
  region size 4096K, 2 young (8192K), 2 survivors (8192K)
 Metaspace       used 110648K, committed 112000K, reserved 1179648K
  class space    used 12225K, committed 12864K, reserved 1048576K
}

